E:\CZ\VS\DVICECTRLDLG_NEW_SIGNAL_1\123
E:\cz\VS\DviceCtrlDlg_new_signal_1\Debug\cl.command.1.tlog
E:\cz\VS\DviceCtrlDlg_new_signal_1\Debug\CL.read.1.tlog
E:\cz\VS\DviceCtrlDlg_new_signal_1\Debug\CL.write.1.tlog
E:\CZ\VS\DVICECTRLDLG_NEW_SIGNAL_1\DEBUG\COMPORT.COD
E:\CZ\VS\DVICECTRLDLG_NEW_SIGNAL_1\DEBUG\COMPORT.OBJ
E:\CZ\VS\DVICECTRLDLG_NEW_SIGNAL_1\DEBUG\DEVICECTRLDLG.EXE
E:\CZ\VS\DVICECTRLDLG_NEW_SIGNAL_1\DEBUG\DEVICECTRLDLG.EXE.EMBED.MANIFEST
E:\CZ\VS\DVICECTRLDLG_NEW_SIGNAL_1\DEBUG\DEVICECTRLDLG.EXE.EMBED.MANIFEST.RES
E:\CZ\VS\DVICECTRLDLG_NEW_SIGNAL_1\DEBUG\DEVICECTRLDLG.EXE.INTERMEDIATE.MANIFEST
E:\CZ\VS\DVICECTRLDLG_NEW_SIGNAL_1\DEBUG\DEVICECTRLDLG.ILK
E:\CZ\VS\DVICECTRLDLG_NEW_SIGNAL_1\DEBUG\DEVICECTRLDLG.PCH
E:\CZ\VS\DVICECTRLDLG_NEW_SIGNAL_1\DEBUG\DEVICECTRLDLG.PDB
E:\cz\VS\DviceCtrlDlg_new_signal_1\Debug\DeviceCtrlDlg_manifest.rc
E:\CZ\VS\DVICECTRLDLG_NEW_SIGNAL_1\DEBUG\DVICECTRLDLG.COD
E:\CZ\VS\DVICECTRLDLG_NEW_SIGNAL_1\DEBUG\DVICECTRLDLG.OBJ
E:\CZ\VS\DVICECTRLDLG_NEW_SIGNAL_1\DEBUG\DVICECTRLDLG.RES
E:\CZ\VS\DVICECTRLDLG_NEW_SIGNAL_1\DEBUG\DVICECTRLDLGDLG.COD
E:\CZ\VS\DVICECTRLDLG_NEW_SIGNAL_1\DEBUG\DVICECTRLDLGDLG.OBJ
E:\cz\VS\DviceCtrlDlg_new_signal_1\Debug\link.command.1.tlog
E:\cz\VS\DviceCtrlDlg_new_signal_1\Debug\link.read.1.tlog
E:\cz\VS\DviceCtrlDlg_new_signal_1\Debug\link.write.1.tlog
E:\cz\VS\DviceCtrlDlg_new_signal_1\Debug\link-cvtres.read.1.tlog
E:\cz\VS\DviceCtrlDlg_new_signal_1\Debug\link-cvtres.write.1.tlog
E:\cz\VS\DviceCtrlDlg_new_signal_1\Debug\mt.command.1.tlog
E:\cz\VS\DviceCtrlDlg_new_signal_1\Debug\mt.read.1.tlog
E:\cz\VS\DviceCtrlDlg_new_signal_1\Debug\mt.write.1.tlog
E:\cz\VS\DviceCtrlDlg_new_signal_1\Debug\rc.command.1.tlog
E:\cz\VS\DviceCtrlDlg_new_signal_1\Debug\rc.read.1.tlog
E:\cz\VS\DviceCtrlDlg_new_signal_1\Debug\rc.write.1.tlog
E:\CZ\VS\DVICECTRLDLG_NEW_SIGNAL_1\DEBUG\SERIALPORT.COD
E:\CZ\VS\DVICECTRLDLG_NEW_SIGNAL_1\DEBUG\SERIALPORT.OBJ
E:\CZ\VS\DVICECTRLDLG_NEW_SIGNAL_1\DEBUG\STDAFX.COD
E:\CZ\VS\DVICECTRLDLG_NEW_SIGNAL_1\DEBUG\STDAFX.OBJ
E:\cz\VS\DviceCtrlDlg_new_signal_1\Debug\vc100.idb
E:\CZ\VS\DVICECTRLDLG_NEW_SIGNAL_1\DEBUG\VC100.PDB
