生成启动时间为 2016/2/20 17:08:24。
     1>项目“E:\cz\VS\DviceCtrlDlg_new_signal_1\DviceCtrlDlg.vcxproj”在节点 2 上(rebuild 个目标)。
     1>_PrepareForClean:
         正在删除文件“Debug\DeviceCtrlDlg.lastbuildstate”。
       InitializeBuildStatus:
         正在创建“Debug\DeviceCtrlDlg.unsuccessfulbuild”，因为已指定“AlwaysCreate”。
       ClCompile:
         C:\Program Files\Microsoft Visual Studio 10.0\VC\bin\CL.exe /c /ZI /nologo /W3 /WX- /Od /Oy- /D WIN32 /D _WINDOWS /D _DEBUG /D _UNICODE /D UNICODE /Gm /EHsc /RTC1 /MTd /GS /fp:precise /Zc:wchar_t /Zc:forScope /Yc"StdAfx.h" /Fp"Debug\DeviceCtrlDlg.pch" /FAcs /Fa"Debug\\" /Fo"Debug\\" /Fd"Debug\vc100.pdb" /Gd /TP /analyze- /errorReport:prompt stdafx.cpp
         stdafx.cpp
         C:\Program Files\Microsoft Visual Studio 10.0\VC\bin\CL.exe /c /ZI /nologo /W3 /WX- /Od /Oy- /D WIN32 /D _WINDOWS /D _DEBUG /D _UNICODE /D UNICODE /Gm /EHsc /RTC1 /MTd /GS /fp:precise /Zc:wchar_t /Zc:forScope /Yu"StdAfx.h" /Fp"Debug\DeviceCtrlDlg.pch" /FAcs /Fa"Debug\\" /Fo"Debug\\" /Fd"Debug\vc100.pdb" /Gd /TP /analyze- /errorReport:prompt ComPort.cpp DviceCtrlDlg.cpp DviceCtrlDlgDlg.cpp serialport.cpp
         serialport.cpp
         DviceCtrlDlgDlg.cpp
     1>e:\cz\vs\dvicectrldlg_new_signal_1\dvicectrldlgdlg.cpp(2926): warning C4018: “<”: 有符号/无符号不匹配
     1>e:\cz\vs\dvicectrldlg_new_signal_1\dvicectrldlgdlg.cpp(2976): warning C4244: “参数”: 从“wchar_t”转换到“BYTE”，可能丢失数据
     1>e:\cz\vs\dvicectrldlg_new_signal_1\dvicectrldlgdlg.cpp(2978): warning C4244: “=”: 从“wchar_t”转换到“CHAR”，可能丢失数据
     1>e:\cz\vs\dvicectrldlg_new_signal_1\dvicectrldlgdlg.cpp(2981): warning C4244: “=”: 从“wchar_t”转换到“CHAR”，可能丢失数据
     1>e:\cz\vs\dvicectrldlg_new_signal_1\dvicectrldlgdlg.cpp(3002): warning C4244: “参数”: 从“time_t”转换到“unsigned int”，可能丢失数据
         DviceCtrlDlg.cpp
         ComPort.cpp
         正在生成代码...
       ResourceCompile:
         C:\Program Files\Microsoft SDKs\Windows\v7.0A\bin\rc.exe /D _DEBUG /D _UNICODE /D UNICODE /l"0x0804" /IDebug\ /nologo /fo"Debug\DviceCtrlDlg.res" DviceCtrlDlg.rc 
       ManifestResourceCompile:
         C:\Program Files\Microsoft SDKs\Windows\v7.0A\bin\rc.exe /nologo /fo"Debug\DeviceCtrlDlg.exe.embed.manifest.res" Debug\DeviceCtrlDlg_manifest.rc 
       Link:
         C:\Program Files\Microsoft Visual Studio 10.0\VC\bin\link.exe /ERRORREPORT:PROMPT /OUT:"E:\cz\VS\DviceCtrlDlg_new_signal_1\Debug\DeviceCtrlDlg.exe" /INCREMENTAL /NOLOGO /MANIFEST /ManifestFile:"Debug\DeviceCtrlDlg.exe.intermediate.manifest" /MANIFESTUAC:"level='asInvoker' uiAccess='false'" /DEBUG /PDB:"E:\cz\VS\DviceCtrlDlg_new_signal_1\Debug\DeviceCtrlDlg.pdb" /MAP:"123" /MAPINFO:EXPORTS /ASSEMBLYDEBUG /SUBSYSTEM:WINDOWS /TLBID:1 /ENTRY:"wWinMainCRTStartup" /DYNAMICBASE /NXCOMPAT /IMPLIB:"E:\cz\VS\DviceCtrlDlg_new_signal_1\Debug\DeviceCtrlDlg.lib" /MACHINE:X86 Debug\DviceCtrlDlg.res
         Debug\DeviceCtrlDlg.exe.embed.manifest.res
         Debug\ComPort.obj
         Debug\DviceCtrlDlg.obj
         Debug\DviceCtrlDlgDlg.obj
         Debug\serialport.obj
         Debug\stdafx.obj
       Manifest:
         正在删除文件“Debug\DeviceCtrlDlg.exe.embed.manifest”。
         C:\Program Files\Microsoft SDKs\Windows\v7.0A\bin\mt.exe /nologo /verbose /out:"Debug\DeviceCtrlDlg.exe.embed.manifest" /manifest Debug\DeviceCtrlDlg.exe.intermediate.manifest "C:\Program Files\Microsoft Visual Studio 10.0\VC\Include\Manifest\dpiaware.manifest"
         C:\Program Files\Microsoft SDKs\Windows\v7.0A\bin\rc.exe /nologo /fo"Debug\DeviceCtrlDlg.exe.embed.manifest.res" Debug\DeviceCtrlDlg_manifest.rc 
       LinkEmbedManifest:
         C:\Program Files\Microsoft Visual Studio 10.0\VC\bin\link.exe /ERRORREPORT:PROMPT /OUT:"E:\cz\VS\DviceCtrlDlg_new_signal_1\Debug\DeviceCtrlDlg.exe" /INCREMENTAL /NOLOGO /MANIFEST /ManifestFile:"Debug\DeviceCtrlDlg.exe.intermediate.manifest" /MANIFESTUAC:"level='asInvoker' uiAccess='false'" /DEBUG /PDB:"E:\cz\VS\DviceCtrlDlg_new_signal_1\Debug\DeviceCtrlDlg.pdb" /MAP:"123" /MAPINFO:EXPORTS /ASSEMBLYDEBUG /SUBSYSTEM:WINDOWS /TLBID:1 /ENTRY:"wWinMainCRTStartup" /DYNAMICBASE /NXCOMPAT /IMPLIB:"E:\cz\VS\DviceCtrlDlg_new_signal_1\Debug\DeviceCtrlDlg.lib" /MACHINE:X86 Debug\DviceCtrlDlg.res
         Debug\DeviceCtrlDlg.exe.embed.manifest.res
         Debug\ComPort.obj
         Debug\DviceCtrlDlg.obj
         Debug\DviceCtrlDlgDlg.obj
         Debug\serialport.obj
         Debug\stdafx.obj
         DviceCtrlDlg.vcxproj -> E:\cz\VS\DviceCtrlDlg_new_signal_1\Debug\DeviceCtrlDlg.exe
       FinalizeBuildStatus:
         正在删除文件“Debug\DeviceCtrlDlg.unsuccessfulbuild”。
         正在对“Debug\DeviceCtrlDlg.lastbuildstate”执行 Touch 任务。
     1>已完成生成项目“E:\cz\VS\DviceCtrlDlg_new_signal_1\DviceCtrlDlg.vcxproj”(rebuild 个目标)的操作。

生成成功。

已用时间 00:00:20.50
